<?xml version="1.0" encoding="UTF-8"?>
<testsuite name="com.neo.web.HelloControlerTests" time="0.158" tests="2" errors="0" skipped="0" failures="1">
  <properties>
[...]
</properties>
  <testcase name="testHello" classname="com.neo.web.HelloControlerTests" time="0.022">
    <failure message="Response content&#10;Expected: &quot;Hello World&quot;&#10;     but: was &quot;hello world&quot;" type="java.lang.AssertionError">java.lang.AssertionError: Response content
Expected: "Hello World"
     but: was "hello world"
	at org.hamcrest.MatcherAssert.assertThat(MatcherAssert.java:20)
	at org.springframework.test.web.servlet.result.ContentResultMatchers$4.match(ContentResultMatchers.java:137)
	at org.springframework.test.web.servlet.MockMvc$1.andExpect(MockMvc.java:171)
	at com.neo.web.HelloControlerTests.testHello(HelloControlerTests.java:51)
</failure>
    <system-out><![CDATA[2017-04-23 01:29:06.075  INFO 17192 --- [           main] o.s.t.c.support.AbstractContextLoader    : Could not detect default resource locations for test class [com.neo.web.HelloControlerTests]: no resource found for suffixes {-context.xml, Context.groovy}.
2017-04-23 01:29:06.078  INFO 17192 --- [           main] o.s.t.c.web.WebTestContextBootstrapper   : Loaded default TestExecutionListener class names from location [META-INF/spring.factories]: [org.springframework.test.context.web.ServletTestExecutionListener, org.springframework.test.context.support.DirtiesContextBeforeModesTestExecutionListener, org.springframework.test.context.support.DependencyInjectionTestExecutionListener, org.springframework.test.context.support.DirtiesContextTestExecutionListener, org.springframework.test.context.transaction.TransactionalTestExecutionListener, org.springframework.test.context.jdbc.SqlScriptsTestExecutionListener]
2017-04-23 01:29:06.078  INFO 17192 --- [           main] o.s.t.c.web.WebTestContextBootstrapper   : Using TestExecutionListeners: [org.springframework.test.context.web.ServletTestExecutionListener@740b0f, org.springframework.test.context.support.DirtiesContextBeforeModesTestExecutionListener@821a88, org.springframework.test.context.support.DependencyInjectionTestExecutionListener@19c0524, org.springframework.test.context.support.DirtiesContextTestExecutionListener@15888a, org.springframework.test.context.transaction.TransactionalTestExecutionListener@1b75168, org.springframework.test.context.jdbc.SqlScriptsTestExecutionListener@41b2e9]

  .   ____          _            __ _ _
 /\\ / ___'_ __ _ _(_)_ __  __ _ \ \ \ \
( ( )\___ | '_ | '_| | '_ \/ _` | \ \ \ \
 \\/  ___)| |_)| | | | | || (_| |  ) ) ) )
  '  |____| .__|_| |_|_| |_\__, | / / / /
 =========|_|==============|___/=/_/_/_/
 :: Spring Boot ::        (v1.3.6.RELEASE)

2017-04-23 01:29:06.378  INFO 17192 --- [           main] com.neo.web.HelloControlerTests          : Starting HelloControlerTests on WIN-4QO0QPAM4KN with PID 17192 (D:\Data\werkplace\weakplace\boot\spring-boot-web\target\test-classes started by Administrator in D:\Data\werkplace\weakplace\boot\spring-boot-web)
2017-04-23 01:29:06.378  INFO 17192 --- [           main] com.neo.web.HelloControlerTests          : No active profile set, falling back to default profiles: default
2017-04-23 01:29:06.381  INFO 17192 --- [           main] o.s.w.c.s.GenericWebApplicationContext   : Refreshing org.springframework.web.context.support.GenericWebApplicationContext@241b87: startup date [Sun Apr 23 01:29:06 CST 2017]; root of context hierarchy
2017-04-23 01:29:06.470  INFO 17192 --- [           main] com.neo.web.HelloControlerTests          : Started HelloControlerTests in 0.215 seconds (JVM running for 15.679)
2017-04-23 01:29:07.050  INFO 17192 --- [           main] ilder$StaticRequestMappingHandlerMapping : Mapped "{[/hello]}" onto public java.lang.String com.neo.web.HelloController.hello(java.util.Locale,org.springframework.ui.Model)
2017-04-23 01:29:07.054  INFO 17192 --- [           main] ilder$StaticRequestMappingHandlerMapping : Mapped "{[/uid]}" onto java.lang.String com.neo.web.HelloController.uid(javax.servlet.http.HttpSession)
2017-04-23 01:29:07.228  INFO 17192 --- [           main] s.w.s.m.m.a.RequestMappingHandlerAdapter : Looking for @ControllerAdvice: org.springframework.test.web.servlet.setup.StubWebApplicationContext@ac9718
2017-04-23 01:29:07.705  INFO 17192 --- [           main] o.s.mock.web.MockServletContext          : Initializing Spring FrameworkServlet ''
2017-04-23 01:29:07.707  INFO 17192 --- [           main] o.s.t.web.servlet.TestDispatcherServlet  : FrameworkServlet '': initialization started
2017-04-23 01:29:07.708  INFO 17192 --- [           main] o.s.t.web.servlet.TestDispatcherServlet  : FrameworkServlet '': initialization completed in 0 ms
]]></system-out>
  </testcase>
  <testcase name="getHello" classname="com.neo.web.HelloControlerTests" time="0.136"/>
</testsuite>