<?xml version="1.0" encoding="UTF-8"?>
<testsuite name="com.neo.web.HelloControlerTests" time="0.158" tests="2" errors="0" skipped="0" failures="1">
  <properties>
    <property name="java.runtime.name" value="Java(TM) SE Runtime Environment"/>
    <property name="sun.boot.library.path" value="D:\Program Files\Java\jdk1.7.0_75\jre\bin"/>
    <property name="java.vm.version" value="24.75-b04"/>
    <property name="java.vm.vendor" value="Oracle Corporation"/>
    <property name="maven.multiModuleProjectDirectory" value="D:\Data\werkplace\weakplace\boot\spring-boot-web"/>
    <property name="java.vendor.url" value="http://java.oracle.com/"/>
    <property name="path.separator" value=";"/>
    <property name="guice.disable.misplaced.annotation.check" value="true"/>
    <property name="java.vm.name" value="Java HotSpot(TM) Client VM"/>
    <property name="file.encoding.pkg" value="sun.io"/>
    <property name="user.script" value=""/>
    <property name="user.country" value="CN"/>
    <property name="sun.java.launcher" value="SUN_STANDARD"/>
    <property name="sun.os.patch.level" value="Service Pack 1"/>
    <property name="java.vm.specification.name" value="Java Virtual Machine Specification"/>
    <property name="user.dir" value="D:\Data\werkplace\weakplace\boot\spring-boot-web"/>
    <property name="java.runtime.version" value="1.7.0_75-b13"/>
    <property name="java.awt.graphicsenv" value="sun.awt.Win32GraphicsEnvironment"/>
    <property name="java.endorsed.dirs" value="D:\Program Files\Java\jdk1.7.0_75\jre\lib\endorsed"/>
    <property name="os.arch" value="x86"/>
    <property name="java.io.tmpdir" value="C:\Users\ADMINI~1\AppData\Local\Temp\"/>
    <property name="line.separator" value="&#10;"/>
    <property name="java.vm.specification.vendor" value="Oracle Corporation"/>
    <property name="user.variant" value=""/>
    <property name="os.name" value="Windows 7"/>
    <property name="classworlds.conf" value="D:\services\tomcat\apache-maven-3.3.9\bin\m2.conf"/>
    <property name="sun.jnu.encoding" value="GBK"/>
    <property name="java.library.path" value="D:\Program Files\Java\jdk1.7.0_75\bin;C:\windows\Sun\Java\bin;C:\windows\system32;C:\windows;C:\windows\system32;C:\windows;C:\windows\System32\Wbem;C:\windows\System32\WindowsPowerShell\v1.0\;E:\program\subversion\bin;D:\Program Files\Subversion\bin;D:\Program Files\Svn\Subversion\bin;D:\Program Files\Svn\TortoiseSVN\bin;D:\Program Files\MySQL Server 5.5\bin;D:\services\tomcat\apache-maven-3.3.9\bin;D:\Program Files\Java\jdk1.7.0_75\bin;D:\Program Files\Java\jdk1.7.0_75\jre\bin;."/>
    <property name="java.specification.name" value="Java Platform API Specification"/>
    <property name="java.class.version" value="51.0"/>
    <property name="sun.management.compiler" value="HotSpot Client Compiler"/>
    <property name="os.version" value="6.1"/>
    <property name="user.home" value="C:\Users\Administrator"/>
    <property name="user.timezone" value="Asia/Shanghai"/>
    <property name="java.awt.printerjob" value="sun.awt.windows.WPrinterJob"/>
    <property name="java.specification.version" value="1.7"/>
    <property name="file.encoding" value="GBK"/>
    <property name="user.name" value="Administrator"/>
    <property name="java.class.path" value="D:\services\tomcat\apache-maven-3.3.9\boot\plexus-classworlds-2.5.2.jar"/>
    <property name="java.vm.specification.version" value="1.7"/>
    <property name="sun.arch.data.model" value="32"/>
    <property name="java.home" value="D:\Program Files\Java\jdk1.7.0_75\jre"/>
    <property name="sun.java.command" value="org.codehaus.plexus.classworlds.launcher.Launcher clean test"/>
    <property name="java.specification.vendor" value="Oracle Corporation"/>
    <property name="user.language" value="zh"/>
    <property name="awt.toolkit" value="sun.awt.windows.WToolkit"/>
    <property name="java.vm.info" value="mixed mode, sharing"/>
    <property name="java.version" value="1.7.0_75"/>
    <property name="java.ext.dirs" value="D:\Program Files\Java\jdk1.7.0_75\jre\lib\ext;C:\windows\Sun\Java\lib\ext"/>
    <property name="sun.boot.class.path" value="D:\Program Files\Java\jdk1.7.0_75\jre\lib\resources.jar;D:\Program Files\Java\jdk1.7.0_75\jre\lib\rt.jar;D:\Program Files\Java\jdk1.7.0_75\jre\lib\sunrsasign.jar;D:\Program Files\Java\jdk1.7.0_75\jre\lib\jsse.jar;D:\Program Files\Java\jdk1.7.0_75\jre\lib\jce.jar;D:\Program Files\Java\jdk1.7.0_75\jre\lib\charsets.jar;D:\Program Files\Java\jdk1.7.0_75\jre\lib\jfr.jar;D:\Program Files\Java\jdk1.7.0_75\jre\classes"/>
    <property name="java.vendor" value="Oracle Corporation"/>
    <property name="maven.home" value="D:\services\tomcat\apache-maven-3.3.9"/>
    <property name="file.separator" value="\"/>
    <property name="java.vendor.url.bug" value="http://bugreport.sun.com/bugreport/"/>
    <property name="sun.cpu.endian" value="little"/>
    <property name="sun.io.unicode.encoding" value="UnicodeLittle"/>
    <property name="sun.desktop" value="windows"/>
    <property name="sun.cpu.isalist" value="pentium_pro+mmx pentium_pro pentium+mmx pentium i486 i386 i86"/>
  </properties>
  <testcase name="testHello" classname="com.neo.web.HelloControlerTests" time="0.022">
    <failure message="Response content&#10;Expected: &quot;Hello World&quot;&#10;     but: was &quot;hello world&quot;" type="java.lang.AssertionError">java.lang.AssertionError: Response content
Expected: "Hello World"
     but: was "hello world"
	at org.hamcrest.MatcherAssert.assertThat(MatcherAssert.java:20)
	at org.springframework.test.web.servlet.result.ContentResultMatchers$4.match(ContentResultMatchers.java:137)
	at org.springframework.test.web.servlet.MockMvc$1.andExpect(MockMvc.java:171)
	at com.neo.web.HelloControlerTests.testHello(HelloControlerTests.java:51)
</failure>
    <system-out><![CDATA[2017-04-23 01:29:06.075  INFO 17192 --- [           main] o.s.t.c.support.AbstractContextLoader    : Could not detect default resource locations for test class [com.neo.web.HelloControlerTests]: no resource found for suffixes {-context.xml, Context.groovy}.
2017-04-23 01:29:06.078  INFO 17192 --- [           main] o.s.t.c.web.WebTestContextBootstrapper   : Loaded default TestExecutionListener class names from location [META-INF/spring.factories]: [org.springframework.test.context.web.ServletTestExecutionListener, org.springframework.test.context.support.DirtiesContextBeforeModesTestExecutionListener, org.springframework.test.context.support.DependencyInjectionTestExecutionListener, org.springframework.test.context.support.DirtiesContextTestExecutionListener, org.springframework.test.context.transaction.TransactionalTestExecutionListener, org.springframework.test.context.jdbc.SqlScriptsTestExecutionListener]
2017-04-23 01:29:06.078  INFO 17192 --- [           main] o.s.t.c.web.WebTestContextBootstrapper   : Using TestExecutionListeners: [org.springframework.test.context.web.ServletTestExecutionListener@740b0f, org.springframework.test.context.support.DirtiesContextBeforeModesTestExecutionListener@821a88, org.springframework.test.context.support.DependencyInjectionTestExecutionListener@19c0524, org.springframework.test.context.support.DirtiesContextTestExecutionListener@15888a, org.springframework.test.context.transaction.TransactionalTestExecutionListener@1b75168, org.springframework.test.context.jdbc.SqlScriptsTestExecutionListener@41b2e9]

  .   ____          _            __ _ _
 /\\ / ___'_ __ _ _(_)_ __  __ _ \ \ \ \
( ( )\___ | '_ | '_| | '_ \/ _` | \ \ \ \
 \\/  ___)| |_)| | | | | || (_| |  ) ) ) )
  '  |____| .__|_| |_|_| |_\__, | / / / /
 =========|_|==============|___/=/_/_/_/
 :: Spring Boot ::        (v1.3.6.RELEASE)

2017-04-23 01:29:06.378  INFO 17192 --- [           main] com.neo.web.HelloControlerTests          : Starting HelloControlerTests on WIN-4QO0QPAM4KN with PID 17192 (D:\Data\werkplace\weakplace\boot\spring-boot-web\target\test-classes started by Administrator in D:\Data\werkplace\weakplace\boot\spring-boot-web)
2017-04-23 01:29:06.378  INFO 17192 --- [           main] com.neo.web.HelloControlerTests          : No active profile set, falling back to default profiles: default
2017-04-23 01:29:06.381  INFO 17192 --- [           main] o.s.w.c.s.GenericWebApplicationContext   : Refreshing org.springframework.web.context.support.GenericWebApplicationContext@241b87: startup date [Sun Apr 23 01:29:06 CST 2017]; root of context hierarchy
2017-04-23 01:29:06.470  INFO 17192 --- [           main] com.neo.web.HelloControlerTests          : Started HelloControlerTests in 0.215 seconds (JVM running for 15.679)
2017-04-23 01:29:07.050  INFO 17192 --- [           main] ilder$StaticRequestMappingHandlerMapping : Mapped "{[/hello]}" onto public java.lang.String com.neo.web.HelloController.hello(java.util.Locale,org.springframework.ui.Model)
2017-04-23 01:29:07.054  INFO 17192 --- [           main] ilder$StaticRequestMappingHandlerMapping : Mapped "{[/uid]}" onto java.lang.String com.neo.web.HelloController.uid(javax.servlet.http.HttpSession)
2017-04-23 01:29:07.228  INFO 17192 --- [           main] s.w.s.m.m.a.RequestMappingHandlerAdapter : Looking for @ControllerAdvice: org.springframework.test.web.servlet.setup.StubWebApplicationContext@ac9718
2017-04-23 01:29:07.705  INFO 17192 --- [           main] o.s.mock.web.MockServletContext          : Initializing Spring FrameworkServlet ''
2017-04-23 01:29:07.707  INFO 17192 --- [           main] o.s.t.web.servlet.TestDispatcherServlet  : FrameworkServlet '': initialization started
2017-04-23 01:29:07.708  INFO 17192 --- [           main] o.s.t.web.servlet.TestDispatcherServlet  : FrameworkServlet '': initialization completed in 0 ms
]]></system-out>
  </testcase>
  <testcase name="getHello" classname="com.neo.web.HelloControlerTests" time="0.136"/>
</testsuite>