<?xml version="1.0" encoding="UTF-8"?>
<testsuite name="com.neo.controller.HelloTests" time="0.674" tests="1" errors="0" skipped="0" failures="1">
  <properties>
[...]
</properties>
  <testcase name="getHello" classname="com.neo.controller.HelloTests" time="0.674">
    <failure message="Response content&#10;Expected: &quot;Hello World&quot;&#10;     but: was &quot;Hello World xx&quot;" type="java.lang.AssertionError">java.lang.AssertionError: Response content
Expected: "Hello World"
     but: was "Hello World xx"
	at org.hamcrest.MatcherAssert.assertThat(MatcherAssert.java:20)
	at org.springframework.test.web.servlet.result.ContentResultMatchers$4.match(ContentResultMatchers.java:137)
	at org.springframework.test.web.servlet.MockMvc$1.andExpect(MockMvc.java:171)
	at com.neo.controller.HelloTests.getHello(HelloTests.java:36)
</failure>
    <system-out><![CDATA[2017-04-23 00:11:19.583  INFO 21620 --- [           main] o.s.t.c.support.AbstractContextLoader    : Could not detect default resource locations for test class [com.neo.controller.HelloTests]: no resource found for suffixes {-context.xml, Context.groovy}.
2017-04-23 00:11:19.586  INFO 21620 --- [           main] o.s.t.c.web.WebTestContextBootstrapper   : Loaded default TestExecutionListener class names from location [META-INF/spring.factories]: [org.springframework.test.context.web.ServletTestExecutionListener, org.springframework.test.context.support.DirtiesContextBeforeModesTestExecutionListener, org.springframework.test.context.support.DependencyInjectionTestExecutionListener, org.springframework.test.context.support.DirtiesContextTestExecutionListener, org.springframework.test.context.transaction.TransactionalTestExecutionListener, org.springframework.test.context.jdbc.SqlScriptsTestExecutionListener]
2017-04-23 00:11:19.587  INFO 21620 --- [           main] o.s.t.c.web.WebTestContextBootstrapper   : Could not instantiate TestExecutionListener [org.springframework.test.context.transaction.TransactionalTestExecutionListener]. Specify custom listener classes or make the default listener classes (and their required dependencies) available. Offending class: [org/springframework/transaction/TransactionDefinition]
2017-04-23 00:11:19.588  INFO 21620 --- [           main] o.s.t.c.web.WebTestContextBootstrapper   : Could not instantiate TestExecutionListener [org.springframework.test.context.jdbc.SqlScriptsTestExecutionListener]. Specify custom listener classes or make the default listener classes (and their required dependencies) available. Offending class: [org/springframework/transaction/interceptor/TransactionAttribute]
2017-04-23 00:11:19.589  INFO 21620 --- [           main] o.s.t.c.web.WebTestContextBootstrapper   : Using TestExecutionListeners: [org.springframework.test.context.web.ServletTestExecutionListener@1a29b37, org.springframework.test.context.support.DirtiesContextBeforeModesTestExecutionListener@7c5eac, org.springframework.test.context.support.DependencyInjectionTestExecutionListener@12b7edd, org.springframework.test.context.support.DirtiesContextTestExecutionListener@9602a5]

  .   ____          _            __ _ _
 /\\ / ___'_ __ _ _(_)_ __  __ _ \ \ \ \
( ( )\___ | '_ | '_| | '_ \/ _` | \ \ \ \
 \\/  ___)| |_)| | | | | || (_| |  ) ) ) )
  '  |____| .__|_| |_|_| |_\__, | / / / /
 =========|_|==============|___/=/_/_/_/
 :: Spring Boot ::        (v1.3.6.RELEASE)

2017-04-23 00:11:19.714  INFO 21620 --- [           main] com.neo.controller.HelloTests            : Starting HelloTests on WIN-4QO0QPAM4KN with PID 21620 (D:\Data\werkplace\weakplace\boot\spring-boot-helloWorld\target\test-classes started by Administrator in D:\Data\werkplace\weakplace\boot\spring-boot-helloWorld)
2017-04-23 00:11:19.714  INFO 21620 --- [           main] com.neo.controller.HelloTests            : No active profile set, falling back to default profiles: default
2017-04-23 00:11:19.717  INFO 21620 --- [           main] o.s.w.c.s.GenericWebApplicationContext   : Refreshing org.springframework.web.context.support.GenericWebApplicationContext@a8be4b: startup date [Sun Apr 23 00:11:19 CST 2017]; root of context hierarchy
2017-04-23 00:11:19.811  INFO 21620 --- [           main] com.neo.controller.HelloTests            : Started HelloTests in 0.174 seconds (JVM running for 9.327)
2017-04-23 00:11:20.050  INFO 21620 --- [           main] ilder$StaticRequestMappingHandlerMapping : Mapped "{[/hello]}" onto public java.lang.String com.neo.controller.HelloWorldController.index()
2017-04-23 00:11:20.122  INFO 21620 --- [           main] s.w.s.m.m.a.RequestMappingHandlerAdapter : Looking for @ControllerAdvice: org.springframework.test.web.servlet.setup.StubWebApplicationContext@107b3d9
2017-04-23 00:11:20.265  INFO 21620 --- [           main] o.s.mock.web.MockServletContext          : Initializing Spring FrameworkServlet ''
2017-04-23 00:11:20.265  INFO 21620 --- [           main] o.s.t.web.servlet.TestDispatcherServlet  : FrameworkServlet '': initialization started
2017-04-23 00:11:20.266  INFO 21620 --- [           main] o.s.t.web.servlet.TestDispatcherServlet  : FrameworkServlet '': initialization completed in 1 ms
]]></system-out>
  </testcase>
</testsuite>